2025-05-10 01:19:14,978 INFO {"event": "scheduler_job_added", "pipeline": "current", "cron": "0 */1 * * *"}
2025-05-10 01:19:26,917 ERROR {"event": "config_editor_read_error", "file": "system.yaml", "error": "[Errno 2] No such file or directory: '/home/fabian/gny/ui/config/system.yaml'"}
2025-05-10 01:19:26,918 ERROR {"event": "config_editor_read_error", "file": "pipelines.yaml", "error": "[Errno 2] No such file or directory: '/home/fabian/gny/ui/config/pipelines.yaml'"}
2025-05-10 01:20:17,169 INFO {"event": "shutdown", "signal": 2}
2025-05-10 01:20:18,526 INFO {"event": "scheduler_job_added", "pipeline": "current", "cron": "0 */1 * * *"}
2025-05-10 01:24:55,045 INFO {"event": "shutdown", "signal": 2}
2025-05-10 01:24:56,681 INFO {"event": "scheduler_job_added", "pipeline": "current", "cron": "0 */1 * * *"}
2025-05-10 01:27:25,262 INFO {"event": "shutdown", "signal": 2}
2025-05-10 01:27:31,517 INFO {"event": "scheduler_job_added", "pipeline": "current", "cron": "0 */1 * * *"}
2025-05-10 01:35:28,590 INFO {"event": "shutdown", "signal": 2}
2025-05-10 01:35:30,142 INFO {"event": "scheduler_job_added", "pipeline": "current_1h", "cron": "0 */1 * * *"}
2025-05-10 01:35:30,142 INFO {"event": "scheduler_job_added", "pipeline": "current_1d", "cron": "0 0 */1 * *"}
2025-05-10 01:35:30,143 INFO {"event": "scheduler_job_added", "pipeline": "current_6h", "cron": "0 */6 * * *"}
2025-05-10 01:35:57,752 INFO {"event": "shutdown", "signal": 2}
2025-05-10 01:35:59,273 INFO {"event": "scheduler_job_added", "pipeline": "current_1h", "cron": "0 */1 * * *"}
2025-05-10 01:35:59,273 INFO {"event": "scheduler_job_added", "pipeline": "current_6h", "cron": "0 */6 * * *"}
2025-05-10 01:35:59,273 INFO {"event": "scheduler_job_added", "pipeline": "current_1d", "cron": "0 0 */1 * *"}
2025-05-10 01:41:50,318 INFO {"event": "shutdown", "signal": 2}
2025-05-10 01:41:57,657 INFO {"event": "scheduler_job_added", "pipeline": "current_1h", "cron": "0 */1 * * *"}
2025-05-10 01:41:57,657 INFO {"event": "scheduler_job_added", "pipeline": "current_6h", "cron": "0 */6 * * *"}
2025-05-10 01:41:57,658 INFO {"event": "scheduler_job_added", "pipeline": "current_1d", "cron": "0 0 */1 * *"}
2025-05-10 01:43:10,265 INFO {"event": "shutdown", "signal": 2}
2025-05-10 01:43:11,503 INFO {"event": "scheduler_job_added", "pipeline": "current_1h", "cron": "0 */1 * * *"}
2025-05-10 01:43:11,503 INFO {"event": "scheduler_job_added", "pipeline": "current_6h", "cron": "0 */6 * * *"}
2025-05-10 01:43:11,503 INFO {"event": "scheduler_job_added", "pipeline": "current_1d", "cron": "0 0 */1 * *"}
2025-05-10 01:43:16,261 INFO {"event": "shutdown", "signal": 2}
2025-05-10 01:43:17,449 INFO {"event": "scheduler_job_added", "pipeline": "current_1h", "cron": "0 */1 * * *"}
2025-05-10 01:43:17,451 INFO {"event": "scheduler_job_added", "pipeline": "current_6h", "cron": "0 */6 * * *"}
2025-05-10 01:43:17,452 INFO {"event": "scheduler_job_added", "pipeline": "current_1d", "cron": "0 0 */1 * *"}
2025-05-10 01:50:05,011 INFO {"event": "shutdown", "signal": 2}
2025-05-10 01:50:06,444 INFO {"event": "scheduler_job_added", "pipeline": "current_1h", "cron": "0 */1 * * *"}
2025-05-10 01:50:06,445 INFO {"event": "scheduler_job_added", "pipeline": "current_6h", "cron": "0 */6 * * *"}
2025-05-10 01:50:06,445 INFO {"event": "scheduler_job_added", "pipeline": "current_1d", "cron": "0 0 */1 * *"}
2025-05-10 01:52:05,474 INFO {"event": "shutdown", "signal": 2}
2025-05-10 01:52:06,885 INFO {"event": "scheduler_job_added", "pipeline": "current_1h", "cron": "0 */1 * * *"}
2025-05-10 01:52:06,886 INFO {"event": "scheduler_job_added", "pipeline": "current_6h", "cron": "0 */6 * * *"}
2025-05-10 01:52:06,886 INFO {"event": "scheduler_job_added", "pipeline": "current_1d", "cron": "0 0 */1 * *"}
2025-05-10 01:54:12,138 INFO {"event": "shutdown", "signal": 2}
2025-05-10 01:54:13,599 INFO {"event": "scheduler_job_added", "pipeline": "current_1h", "cron": "0 */1 * * *"}
2025-05-10 01:54:13,600 INFO {"event": "scheduler_job_added", "pipeline": "current_6h", "cron": "0 */6 * * *"}
2025-05-10 01:54:13,601 INFO {"event": "scheduler_job_added", "pipeline": "current_1d", "cron": "0 0 */1 * *"}
2025-05-10 01:55:44,857 INFO {"event": "shutdown", "signal": 2}
2025-05-10 01:55:46,314 INFO {"event": "scheduler_job_added", "pipeline": "current_1h", "cron": "0 */1 * * *"}
2025-05-10 01:55:46,315 INFO {"event": "scheduler_job_added", "pipeline": "current_6h", "cron": "0 */6 * * *"}
2025-05-10 01:55:46,315 INFO {"event": "scheduler_job_added", "pipeline": "current_1d", "cron": "0 0 */1 * *"}
2025-05-10 01:56:56,016 INFO {"event": "shutdown", "signal": 2}
2025-05-10 01:56:57,363 INFO {"event": "scheduler_job_added", "pipeline": "current_1h", "cron": "0 */1 * * *"}
2025-05-10 01:56:57,363 INFO {"event": "scheduler_job_added", "pipeline": "current_6h", "cron": "0 */6 * * *"}
2025-05-10 01:56:57,364 INFO {"event": "scheduler_job_added", "pipeline": "current_1d", "cron": "0 0 */1 * *"}
2025-05-10 02:00:00,833 INFO {"event": "gather_plugin_config_raw", "config_json": "{}", "pipeline": "current_1h"}
2025-05-10 02:00:00,833 INFO {"event": "gather_plugin_run", "config": {}, "pipeline": "current_1h"}
2025-05-10 02:00:00,833 INFO {"event": "gather_plugin_emit", "pipeline_config": {"base_stablecoin": null, "exchanges": [], "stablecoins": [], "tokens": []}, "pipeline": "current_1h"}
2025-05-10 02:00:00,833 INFO {"event": "plugin_run", "plugin": "gather_plugin", "pipeline": "current_1h", "hook": "gather"}
2025-05-10 02:00:00,834 ERROR {"event": "plugin_error", "plugin": "fetcher_plugin", "pipeline": "current_1h", "hook": "fetcher", "error": "No module named 'plugins.fetcher_plugin'"}
2025-05-10 02:00:00,834 ERROR {"event": "plugin_error", "plugin": "gap_plugin", "pipeline": "current_1h", "hook": "gap", "error": "No module named 'plugins.gap_plugin'"}
2025-05-10 02:00:00,834 ERROR {"event": "plugin_error", "plugin": "aggregate_allmarkets_plugin", "pipeline": "current_1h", "hook": "aggregate_allmarkets", "error": "No module named 'plugins.aggregate_allmarkets_plugin'"}
2025-05-10 02:00:00,835 ERROR {"event": "plugin_error", "plugin": "indicators_plugin", "pipeline": "current_1h", "hook": "indicators", "error": "module 'plugins.indicators_plugin' has no attribute 'run'"}
2025-05-10 02:00:02,416 INFO {"event": "shutdown", "signal": 2}
2025-05-10 02:00:04,089 INFO {"event": "scheduler_job_added", "pipeline": "current_1h", "cron": "0 */1 * * *"}
2025-05-10 02:00:04,090 INFO {"event": "scheduler_job_added", "pipeline": "current_6h", "cron": "0 */6 * * *"}
2025-05-10 02:00:04,091 INFO {"event": "scheduler_job_added", "pipeline": "current_1d", "cron": "0 0 */1 * *"}
2025-05-10 02:01:23,690 INFO {"event": "shutdown", "signal": 2}
2025-05-10 02:01:25,088 INFO {"event": "scheduler_job_added", "pipeline": "current_1h", "cron": "0 */1 * * *"}
2025-05-10 02:01:25,089 INFO {"event": "scheduler_job_added", "pipeline": "current_6h", "cron": "0 */6 * * *"}
2025-05-10 02:01:25,089 INFO {"event": "scheduler_job_added", "pipeline": "current_1d", "cron": "0 0 */1 * *"}
2025-05-10 02:06:01,504 INFO {"event": "shutdown", "signal": 2}
2025-05-10 02:06:02,985 INFO {"event": "scheduler_job_added", "pipeline": "current_1h", "cron": "0 */1 * * *"}
2025-05-10 02:06:02,986 INFO {"event": "scheduler_job_added", "pipeline": "current_6h", "cron": "0 */6 * * *"}
2025-05-10 02:06:02,986 INFO {"event": "scheduler_job_added", "pipeline": "current_1d", "cron": "0 0 */1 * *"}
2025-05-10 02:08:47,826 INFO {"event": "shutdown", "signal": 2}
2025-05-10 02:08:49,412 INFO {"event": "scheduler_job_added", "pipeline": "current_1h", "cron": "0 */1 * * *"}
2025-05-10 02:08:49,413 INFO {"event": "scheduler_job_added", "pipeline": "current_6h", "cron": "0 */6 * * *"}
2025-05-10 02:08:49,413 INFO {"event": "scheduler_job_added", "pipeline": "current_1d", "cron": "0 0 */1 * *"}
2025-05-10 02:11:52,375 INFO {"event": "shutdown", "signal": 2}
2025-05-10 02:11:53,946 INFO {"event": "scheduler_job_added", "pipeline": "current_1h", "cron": "0 */1 * * *"}
2025-05-10 02:11:53,947 INFO {"event": "scheduler_job_added", "pipeline": "current_6h", "cron": "0 */6 * * *"}
2025-05-10 02:11:53,947 INFO {"event": "scheduler_job_added", "pipeline": "current_1d", "cron": "0 0 */1 * *"}
2025-05-10 02:16:56,718 INFO {"event": "shutdown", "signal": 2}
2025-05-10 02:16:58,135 INFO {"event": "scheduler_job_added", "pipeline": "current_1h", "cron": "0 */1 * * *"}
2025-05-10 02:16:58,136 INFO {"event": "scheduler_job_added", "pipeline": "current_6h", "cron": "0 */6 * * *"}
2025-05-10 02:16:58,136 INFO {"event": "scheduler_job_added", "pipeline": "current_1d", "cron": "0 0 */1 * *"}
2025-05-10 02:18:46,699 INFO {"event": "shutdown", "signal": 2}
2025-05-10 02:18:49,023 INFO {"event": "scheduler_job_added", "pipeline": "current_1h", "cron": "0 */1 * * *"}
2025-05-10 02:18:49,024 INFO {"event": "scheduler_job_added", "pipeline": "current_6h", "cron": "0 */6 * * *"}
2025-05-10 02:18:49,025 INFO {"event": "scheduler_job_added", "pipeline": "current_1d", "cron": "0 0 */1 * *"}
2025-05-10 02:21:30,632 INFO {"event": "shutdown", "signal": 2}
2025-05-10 02:21:32,034 INFO {"event": "scheduler_job_added", "pipeline": "current_1h", "cron": "0 */1 * * *"}
2025-05-10 02:21:32,034 INFO {"event": "scheduler_job_added", "pipeline": "current_6h", "cron": "0 */6 * * *"}
2025-05-10 02:21:32,035 INFO {"event": "scheduler_job_added", "pipeline": "current_1d", "cron": "0 0 */1 * *"}
2025-05-10 02:24:14,121 INFO {"event": "shutdown", "signal": 2}
2025-05-10 02:24:15,634 INFO {"event": "scheduler_job_added", "pipeline": "current_1h", "cron": "0 */1 * * *"}
2025-05-10 02:24:15,634 INFO {"event": "scheduler_job_added", "pipeline": "current_6h", "cron": "0 */6 * * *"}
2025-05-10 02:24:15,635 INFO {"event": "scheduler_job_added", "pipeline": "current_1d", "cron": "0 0 */1 * *"}
2025-05-10 02:26:48,190 INFO {"event": "shutdown", "signal": 2}
2025-05-10 02:26:49,969 INFO {"event": "scheduler_job_added", "pipeline": "current_1h", "cron": "0 */1 * * *"}
2025-05-10 02:26:49,969 INFO {"event": "scheduler_job_added", "pipeline": "current_6h", "cron": "0 */6 * * *"}
2025-05-10 02:26:49,970 INFO {"event": "scheduler_job_added", "pipeline": "current_1d", "cron": "0 0 */1 * *"}
2025-05-10 02:27:30,533 INFO {"event": "shutdown", "signal": 2}
2025-05-10 02:27:32,077 INFO {"event": "scheduler_job_added", "pipeline": "current_1h", "cron": "0 */1 * * *"}
2025-05-10 02:27:32,077 INFO {"event": "scheduler_job_added", "pipeline": "current_6h", "cron": "0 */6 * * *"}
2025-05-10 02:27:32,078 INFO {"event": "scheduler_job_added", "pipeline": "current_1d", "cron": "0 0 */1 * *"}
2025-05-10 02:28:17,964 INFO {"event": "shutdown", "signal": 2}
2025-05-10 02:28:23,862 INFO {"event": "scheduler_job_added", "pipeline": "current_1h", "cron": "0 */1 * * *"}
2025-05-10 02:28:23,862 INFO {"event": "scheduler_job_added", "pipeline": "current_6h", "cron": "0 */6 * * *"}
2025-05-10 02:28:23,863 INFO {"event": "scheduler_job_added", "pipeline": "current_1d", "cron": "0 0 */1 * *"}
2025-05-10 02:32:33,317 INFO {"event": "shutdown", "signal": 2}
2025-05-10 02:32:34,964 INFO {"event": "scheduler_job_added", "pipeline": "current_1h", "cron": "0 */1 * * *"}
2025-05-10 02:32:34,964 INFO {"event": "scheduler_job_added", "pipeline": "current_6h", "cron": "0 */6 * * *"}
2025-05-10 02:32:34,964 INFO {"event": "scheduler_job_added", "pipeline": "current_1d", "cron": "0 0 */1 * *"}
2025-05-10 02:34:28,762 INFO {"event": "shutdown", "signal": 2}
2025-05-10 02:34:30,178 INFO {"event": "scheduler_job_added", "pipeline": "current_1h", "cron": "0 */1 * * *"}
2025-05-10 02:34:30,178 INFO {"event": "scheduler_job_added", "pipeline": "current_6h", "cron": "0 */6 * * *"}
2025-05-10 02:34:30,178 INFO {"event": "scheduler_job_added", "pipeline": "current_1d", "cron": "0 0 */1 * *"}
2025-05-10 02:36:53,298 INFO {"event": "shutdown", "signal": 2}
2025-05-10 02:36:54,886 INFO {"event": "scheduler_job_added", "pipeline": "current_1h", "cron": "0 */1 * * *"}
2025-05-10 02:36:54,886 INFO {"event": "scheduler_job_added", "pipeline": "current_6h", "cron": "0 */6 * * *"}
2025-05-10 02:36:54,886 INFO {"event": "scheduler_job_added", "pipeline": "current_1d", "cron": "0 0 */1 * *"}
2025-05-10 02:39:20,865 INFO {"event": "shutdown", "signal": 2}
2025-05-10 02:39:22,385 INFO {"event": "scheduler_job_added", "pipeline": "current_1h", "cron": "0 */1 * * *"}
2025-05-10 02:39:22,385 INFO {"event": "scheduler_job_added", "pipeline": "current_6h", "cron": "0 */6 * * *"}
2025-05-10 02:39:22,385 INFO {"event": "scheduler_job_added", "pipeline": "current_1d", "cron": "0 0 */1 * *"}
2025-05-10 02:40:25,355 INFO {"event": "shutdown", "signal": 2}
2025-05-10 02:40:27,203 INFO {"event": "scheduler_job_added", "pipeline": "current_1h", "cron": "0 */1 * * *"}
2025-05-10 02:40:27,203 INFO {"event": "scheduler_job_added", "pipeline": "current_6h", "cron": "0 */6 * * *"}
2025-05-10 02:40:27,203 INFO {"event": "scheduler_job_added", "pipeline": "current_1d", "cron": "0 0 */1 * *"}
2025-05-10 02:43:33,995 INFO {"event": "shutdown", "signal": 2}
2025-05-10 02:43:35,570 INFO {"event": "scheduler_job_added", "pipeline": "current_1h", "cron": "0 */1 * * *"}
2025-05-10 02:43:35,571 INFO {"event": "scheduler_job_added", "pipeline": "current_6h", "cron": "0 */6 * * *"}
2025-05-10 02:43:35,571 INFO {"event": "scheduler_job_added", "pipeline": "current_1d", "cron": "0 0 */1 * *"}
2025-05-10 02:44:50,865 INFO {"event": "shutdown", "signal": 2}
2025-05-10 02:44:52,634 INFO {"event": "scheduler_job_added", "pipeline": "current_1h", "cron": "0 */1 * * *"}
2025-05-10 02:44:52,635 INFO {"event": "scheduler_job_added", "pipeline": "current_6h", "cron": "0 */6 * * *"}
2025-05-10 02:44:52,635 INFO {"event": "scheduler_job_added", "pipeline": "current_1d", "cron": "0 0 */1 * *"}
2025-05-10 02:45:31,550 INFO {"event": "shutdown", "signal": 2}
2025-05-10 02:45:36,938 INFO {"event": "scheduler_job_added", "pipeline": "current_1h", "cron": "0 */1 * * *"}
2025-05-10 02:45:36,939 INFO {"event": "scheduler_job_added", "pipeline": "current_6h", "cron": "0 */6 * * *"}
2025-05-10 02:45:36,939 INFO {"event": "scheduler_job_added", "pipeline": "current_1d", "cron": "0 0 */1 * *"}
2025-05-10 02:46:26,079 INFO {"event": "shutdown", "signal": 2}
2025-05-10 02:46:28,156 INFO {"event": "scheduler_job_added", "pipeline": "current_1h", "cron": "0 */1 * * *"}
2025-05-10 02:46:28,157 INFO {"event": "scheduler_job_added", "pipeline": "current_6h", "cron": "0 */6 * * *"}
2025-05-10 02:46:28,157 INFO {"event": "scheduler_job_added", "pipeline": "current_1d", "cron": "0 0 */1 * *"}
2025-05-10 02:47:22,230 INFO {"event": "shutdown", "signal": 2}
2025-05-10 02:47:23,452 INFO {"event": "scheduler_job_added", "pipeline": "current_1h", "cron": "0 */1 * * *"}
2025-05-10 02:47:23,453 INFO {"event": "scheduler_job_added", "pipeline": "current_6h", "cron": "0 */6 * * *"}
2025-05-10 02:47:23,453 INFO {"event": "scheduler_job_added", "pipeline": "current_1d", "cron": "0 0 */1 * *"}
2025-05-10 02:48:44,866 INFO {"event": "shutdown", "signal": 2}
2025-05-10 02:48:46,413 INFO {"event": "scheduler_job_added", "pipeline": "current_1h", "cron": "0 */1 * * *"}
2025-05-10 02:48:46,414 INFO {"event": "scheduler_job_added", "pipeline": "current_6h", "cron": "0 */6 * * *"}
2025-05-10 02:48:46,414 INFO {"event": "scheduler_job_added", "pipeline": "current_1d", "cron": "0 0 */1 * *"}
2025-05-10 02:55:35,862 INFO {"event": "shutdown", "signal": 2}
2025-05-10 02:57:33,806 INFO {"event": "scheduler_job_added", "pipeline": "current_1h", "cron": "0 */1 * * *"}
2025-05-10 02:57:33,807 INFO {"event": "scheduler_job_added", "pipeline": "current_6h", "cron": "0 */6 * * *"}
2025-05-10 02:57:33,808 INFO {"event": "scheduler_job_added", "pipeline": "current_1d", "cron": "0 0 */1 * *"}
2025-05-10 02:58:03,674 INFO {"event": "shutdown", "signal": 2}
2025-05-10 02:58:05,247 INFO {"event": "scheduler_job_added", "pipeline": "current_1h", "cron": "0 */1 * * *"}
2025-05-10 02:58:05,247 INFO {"event": "scheduler_job_added", "pipeline": "current_6h", "cron": "0 */6 * * *"}
2025-05-10 02:58:05,250 INFO {"event": "scheduler_job_added", "pipeline": "current_1d", "cron": "0 0 */1 * *"}
2025-05-10 02:58:13,761 INFO {"event": "shutdown", "signal": 2}
2025-05-10 02:58:27,770 INFO {"event": "scheduler_job_added", "pipeline": "current_1h", "cron": "0 */1 * * *"}
2025-05-10 02:58:27,770 INFO {"event": "scheduler_job_added", "pipeline": "current_6h", "cron": "0 */6 * * *"}
2025-05-10 02:58:27,771 INFO {"event": "scheduler_job_added", "pipeline": "current_1d", "cron": "0 0 */1 * *"}
2025-05-10 02:59:01,668 INFO {"event": "shutdown", "signal": 2}
2025-05-10 02:59:03,298 INFO {"event": "scheduler_job_added", "pipeline": "current_1h", "cron": "0 */1 * * *"}
2025-05-10 02:59:03,300 INFO {"event": "scheduler_job_added", "pipeline": "current_6h", "cron": "0 */6 * * *"}
2025-05-10 02:59:03,300 INFO {"event": "scheduler_job_added", "pipeline": "current_1d", "cron": "0 0 */1 * *"}
2025-05-10 03:00:00,839 INFO {"event": "gather_plugin_config_raw", "config_json": "{}", "pipeline": "current_1h"}
2025-05-10 03:00:00,839 INFO {"event": "gather_plugin_run", "config": {}, "pipeline": "current_1h"}
2025-05-10 03:00:00,839 INFO {"event": "gather_plugin_emit", "pipeline_config": {"base_stablecoin": null, "exchanges": [], "stablecoins": [], "tokens": []}, "pipeline": "current_1h"}
2025-05-10 03:00:00,839 INFO {"event": "plugin_run", "plugin": "gather_plugin", "pipeline": "current_1h", "hook": "gather"}
2025-05-10 03:00:00,839 ERROR {"event": "plugin_error", "plugin": "fetcher_plugin", "pipeline": "current_1h", "hook": "fetcher", "error": "No module named 'plugins.fetcher_plugin'"}
2025-05-10 03:00:00,839 ERROR {"event": "plugin_error", "plugin": "gap_plugin", "pipeline": "current_1h", "hook": "gap", "error": "No module named 'plugins.gap_plugin'"}
2025-05-10 03:00:00,840 ERROR {"event": "plugin_error", "plugin": "aggregate_allmarkets_plugin", "pipeline": "current_1h", "hook": "aggregate_allmarkets", "error": "No module named 'plugins.aggregate_allmarkets_plugin'"}
2025-05-10 03:00:00,840 ERROR {"event": "plugin_error", "plugin": "indicators_plugin", "pipeline": "current_1h", "hook": "indicators", "error": "module 'plugins.indicators_plugin' has no attribute 'run'"}
2025-05-10 03:00:44,305 INFO {"event": "shutdown", "signal": 2}
2025-05-10 03:00:45,855 INFO {"event": "scheduler_job_added", "pipeline": "current_1h", "cron": "0 */1 * * *"}
2025-05-10 03:00:45,855 INFO {"event": "scheduler_job_added", "pipeline": "current_6h", "cron": "0 */6 * * *"}
2025-05-10 03:00:45,856 INFO {"event": "scheduler_job_added", "pipeline": "current_1d", "cron": "0 0 */1 * *"}
2025-05-10 03:02:26,910 INFO {"event": "shutdown", "signal": 2}
2025-05-10 03:02:28,499 INFO {"event": "scheduler_job_added", "pipeline": "current_1h", "cron": "0 */1 * * *"}
2025-05-10 03:02:28,500 INFO {"event": "scheduler_job_added", "pipeline": "current_6h", "cron": "0 */6 * * *"}
2025-05-10 03:02:28,500 INFO {"event": "scheduler_job_added", "pipeline": "current_1d", "cron": "0 0 */1 * *"}
2025-05-10 03:03:51,451 INFO {"event": "shutdown", "signal": 2}
2025-05-10 03:03:53,354 INFO {"event": "scheduler_job_added", "pipeline": "current_1h", "cron": "0 */1 * * *"}
2025-05-10 03:03:53,355 INFO {"event": "scheduler_job_added", "pipeline": "current_6h", "cron": "0 */6 * * *"}
2025-05-10 03:03:53,356 INFO {"event": "scheduler_job_added", "pipeline": "current_1d", "cron": "0 0 */1 * *"}
2025-05-10 03:04:18,973 INFO {"event": "shutdown", "signal": 2}
2025-05-10 03:04:20,411 INFO {"event": "scheduler_job_added", "pipeline": "current_1h", "cron": "0 */1 * * *"}
2025-05-10 03:04:20,412 INFO {"event": "scheduler_job_added", "pipeline": "current_6h", "cron": "0 */6 * * *"}
2025-05-10 03:04:20,415 INFO {"event": "scheduler_job_added", "pipeline": "current_1d", "cron": "0 0 */1 * *"}
2025-05-10 03:05:34,916 INFO {"event": "shutdown", "signal": 2}
2025-05-10 03:05:36,490 INFO {"event": "scheduler_job_added", "pipeline": "current_1h", "cron": "0 */1 * * *"}
2025-05-10 03:05:36,490 INFO {"event": "scheduler_job_added", "pipeline": "current_6h", "cron": "0 */6 * * *"}
2025-05-10 03:05:36,491 INFO {"event": "scheduler_job_added", "pipeline": "current_1d", "cron": "0 0 */1 * *"}
2025-05-10 03:07:34,146 INFO {"event": "shutdown", "signal": 2}
2025-05-10 03:07:35,671 INFO {"event": "scheduler_job_added", "pipeline": "current_1h", "cron": "0 */1 * * *"}
2025-05-10 03:07:35,672 INFO {"event": "scheduler_job_added", "pipeline": "current_6h", "cron": "0 */6 * * *"}
2025-05-10 03:07:35,672 INFO {"event": "scheduler_job_added", "pipeline": "current_1d", "cron": "0 0 */1 * *"}
2025-05-10 03:08:01,151 INFO {"event": "shutdown", "signal": 2}
2025-05-10 03:08:02,494 INFO {"event": "scheduler_job_added", "pipeline": "current_1h", "cron": "0 */1 * * *"}
2025-05-10 03:08:02,496 INFO {"event": "scheduler_job_added", "pipeline": "current_6h", "cron": "0 */6 * * *"}
2025-05-10 03:08:02,496 INFO {"event": "scheduler_job_added", "pipeline": "current_1d", "cron": "0 0 */1 * *"}
2025-05-10 03:08:25,921 INFO {"event": "shutdown", "signal": 2}
2025-05-10 03:08:26,987 INFO {"event": "scheduler_job_added", "pipeline": "current_1h", "cron": "0 */1 * * *"}
2025-05-10 03:08:26,989 INFO {"event": "scheduler_job_added", "pipeline": "current_6h", "cron": "0 */6 * * *"}
2025-05-10 03:08:26,989 INFO {"event": "scheduler_job_added", "pipeline": "current_1d", "cron": "0 0 */1 * *"}
2025-05-10 03:09:46,691 INFO {"event": "shutdown", "signal": 2}
2025-05-10 03:09:48,208 INFO {"event": "scheduler_job_added", "pipeline": "current_1h", "cron": "0 */1 * * *"}
2025-05-10 03:09:48,208 INFO {"event": "scheduler_job_added", "pipeline": "current_6h", "cron": "0 */6 * * *"}
2025-05-10 03:09:48,210 INFO {"event": "scheduler_job_added", "pipeline": "current_1d", "cron": "0 0 */1 * *"}
2025-05-10 03:16:45,512 INFO {"event": "shutdown", "signal": 2}
2025-05-10 03:16:46,848 INFO {"event": "scheduler_job_added", "pipeline": "current_1h", "cron": "0 */1 * * *"}
2025-05-10 03:16:46,848 INFO {"event": "scheduler_job_added", "pipeline": "current_6h", "cron": "0 */6 * * *"}
2025-05-10 03:16:46,850 INFO {"event": "scheduler_job_added", "pipeline": "current_1d", "cron": "0 0 */1 * *"}
2025-05-10 03:17:38,312 INFO {"event": "shutdown", "signal": 2}
2025-05-10 03:18:52,397 INFO {"event": "scheduler_job_added", "pipeline": "current_1h", "cron": "0 */1 * * *"}
2025-05-10 03:18:52,400 INFO {"event": "scheduler_job_added", "pipeline": "current_6h", "cron": "0 */6 * * *"}
2025-05-10 03:18:52,400 INFO {"event": "scheduler_job_added", "pipeline": "current_1d", "cron": "0 0 */1 * *"}
2025-05-10 03:18:58,808 INFO {"event": "shutdown", "signal": 2}
2025-05-10 03:19:07,084 INFO {"event": "scheduler_job_added", "pipeline": "current_1h", "cron": "0 */1 * * *"}
2025-05-10 03:19:07,085 INFO {"event": "scheduler_job_added", "pipeline": "current_6h", "cron": "0 */6 * * *"}
2025-05-10 03:19:07,087 INFO {"event": "scheduler_job_added", "pipeline": "current_1d", "cron": "0 0 */1 * *"}
2025-05-10 03:19:46,579 INFO {"event": "shutdown", "signal": 2}
2025-05-10 03:22:34,442 INFO {"event": "scheduler_job_added", "pipeline": "current_1h", "cron": "0 */1 * * *"}
2025-05-10 03:22:34,443 INFO {"event": "scheduler_job_added", "pipeline": "current_6h", "cron": "0 */6 * * *"}
2025-05-10 03:22:34,443 INFO {"event": "scheduler_job_added", "pipeline": "current_1d", "cron": "0 0 */1 * *"}
2025-05-10 03:23:13,043 INFO {"event": "shutdown", "signal": 2}
2025-05-10 03:25:49,345 INFO {"event": "scheduler_job_added", "pipeline": "current_1h", "cron": "0 */1 * * *"}
2025-05-10 03:25:49,349 INFO {"event": "scheduler_job_added", "pipeline": "current_6h", "cron": "0 */6 * * *"}
2025-05-10 03:25:49,349 INFO {"event": "scheduler_job_added", "pipeline": "current_1d", "cron": "0 0 */1 * *"}
2025-05-10 03:29:32,345 INFO {"event": "shutdown", "signal": 2}
2025-05-10 03:29:33,897 INFO {"event": "scheduler_job_added", "pipeline": "current_1h", "cron": "0 */1 * * *"}
2025-05-10 03:29:33,897 INFO {"event": "scheduler_job_added", "pipeline": "current_6h", "cron": "0 */6 * * *"}
2025-05-10 03:29:33,898 INFO {"event": "scheduler_job_added", "pipeline": "current_1d", "cron": "0 0 */1 * *"}
2025-05-10 03:31:10,876 INFO {"event": "shutdown", "signal": 2}
2025-05-10 03:31:12,308 INFO {"event": "scheduler_job_added", "pipeline": "current_1h", "cron": "0 */1 * * *"}
2025-05-10 03:31:12,309 INFO {"event": "scheduler_job_added", "pipeline": "current_6h", "cron": "0 */6 * * *"}
2025-05-10 03:31:12,310 INFO {"event": "scheduler_job_added", "pipeline": "current_1d", "cron": "0 0 */1 * *"}
2025-05-10 03:41:06,158 INFO {"event": "shutdown", "signal": 2}
2025-05-10 03:41:13,660 INFO {"event": "scheduler_job_added", "pipeline": "current_1h", "cron": "0 */1 * * *"}
2025-05-10 03:41:13,661 INFO {"event": "scheduler_job_added", "pipeline": "current_6h", "cron": "0 */6 * * *"}
2025-05-10 03:41:13,662 INFO {"event": "scheduler_job_added", "pipeline": "current_1d", "cron": "0 0 */1 * *"}
2025-05-10 03:42:14,322 INFO {"event": "shutdown", "signal": 2}
2025-05-10 03:42:16,120 INFO {"event": "scheduler_job_added", "pipeline": "current_1h", "cron": "0 */1 * * *"}
2025-05-10 03:42:16,121 INFO {"event": "scheduler_job_added", "pipeline": "current_6h", "cron": "0 */6 * * *"}
2025-05-10 03:42:16,124 INFO {"event": "scheduler_job_added", "pipeline": "current_1d", "cron": "0 0 */1 * *"}
2025-05-10 03:43:34,775 INFO {"event": "shutdown", "signal": 2}
2025-05-10 03:43:36,137 INFO {"event": "scheduler_job_added", "pipeline": "current_1h", "cron": "0 */1 * * *"}
2025-05-10 03:43:36,140 INFO {"event": "scheduler_job_added", "pipeline": "current_6h", "cron": "0 */6 * * *"}
2025-05-10 03:43:36,140 INFO {"event": "scheduler_job_added", "pipeline": "current_1d", "cron": "0 0 */1 * *"}
2025-05-10 03:43:52,851 INFO {"event": "shutdown", "signal": 2}
2025-05-10 03:43:54,218 INFO {"event": "scheduler_job_added", "pipeline": "current_1h", "cron": "0 */1 * * *"}
2025-05-10 03:43:54,218 INFO {"event": "scheduler_job_added", "pipeline": "current_6h", "cron": "0 */6 * * *"}
2025-05-10 03:43:54,218 INFO {"event": "scheduler_job_added", "pipeline": "current_1d", "cron": "0 0 */1 * *"}
2025-05-10 03:46:14,603 INFO {"event": "shutdown", "signal": 2}
2025-05-10 03:46:16,312 INFO {"event": "scheduler_job_added", "pipeline": "current_1h", "cron": "0 */1 * * *"}
2025-05-10 03:46:16,313 INFO {"event": "scheduler_job_added", "pipeline": "current_6h", "cron": "0 */6 * * *"}
2025-05-10 03:46:16,313 INFO {"event": "scheduler_job_added", "pipeline": "current_1d", "cron": "0 0 */1 * *"}
2025-05-10 03:46:41,733 INFO {"event": "shutdown", "signal": 2}
2025-05-10 03:46:43,463 INFO {"event": "scheduler_job_added", "pipeline": "current_1h", "cron": "0 */1 * * *"}
2025-05-10 03:46:43,464 INFO {"event": "scheduler_job_added", "pipeline": "current_6h", "cron": "0 */6 * * *"}
2025-05-10 03:46:43,464 INFO {"event": "scheduler_job_added", "pipeline": "current_1d", "cron": "0 0 */1 * *"}
2025-05-10 03:46:47,149 INFO {"event": "shutdown", "signal": 2}
2025-05-10 03:46:48,566 INFO {"event": "scheduler_job_added", "pipeline": "current_1h", "cron": "0 */1 * * *"}
2025-05-10 03:46:48,566 INFO {"event": "scheduler_job_added", "pipeline": "current_6h", "cron": "0 */6 * * *"}
2025-05-10 03:46:48,567 INFO {"event": "scheduler_job_added", "pipeline": "current_1d", "cron": "0 0 */1 * *"}
2025-05-10 03:48:09,517 INFO {"event": "shutdown", "signal": 2}
2025-05-10 03:48:11,113 INFO {"event": "scheduler_job_added", "pipeline": "current_1h", "cron": "0 */1 * * *"}
2025-05-10 03:48:11,115 INFO {"event": "scheduler_job_added", "pipeline": "current_6h", "cron": "0 */6 * * *"}
2025-05-10 03:48:11,115 INFO {"event": "scheduler_job_added", "pipeline": "current_1d", "cron": "0 0 */1 * *"}
2025-05-10 03:51:43,163 INFO {"event": "shutdown", "signal": 2}
2025-05-10 03:51:44,719 INFO {"event": "scheduler_job_added", "pipeline": "current_1h", "cron": "0 */1 * * *"}
2025-05-10 03:51:44,721 INFO {"event": "scheduler_job_added", "pipeline": "current_6h", "cron": "0 */6 * * *"}
2025-05-10 03:51:44,721 INFO {"event": "scheduler_job_added", "pipeline": "current_1d", "cron": "0 0 */1 * *"}
2025-05-10 03:52:57,912 INFO {"event": "shutdown", "signal": 2}
2025-05-10 03:52:59,337 INFO {"event": "scheduler_job_added", "pipeline": "current_1h", "cron": "0 */1 * * *"}
2025-05-10 03:52:59,338 INFO {"event": "scheduler_job_added", "pipeline": "current_6h", "cron": "0 */6 * * *"}
2025-05-10 03:52:59,338 INFO {"event": "scheduler_job_added", "pipeline": "current_1d", "cron": "0 0 */1 * *"}
2025-05-10 03:55:07,637 INFO {"event": "shutdown", "signal": 2}
2025-05-10 03:55:09,045 INFO {"event": "scheduler_job_added", "pipeline": "current_1h", "cron": "0 */1 * * *"}
2025-05-10 03:55:09,045 INFO {"event": "scheduler_job_added", "pipeline": "current_6h", "cron": "0 */6 * * *"}
2025-05-10 03:55:09,045 INFO {"event": "scheduler_job_added", "pipeline": "current_1d", "cron": "0 0 */1 * *"}
2025-05-10 04:00:00,003 INFO {"event": "gather_plugin_config_raw", "config_json": "{}", "pipeline": "current_1h"}
2025-05-10 04:00:00,004 INFO {"event": "gather_plugin_run", "config": {}, "pipeline": "current_1h"}
2025-05-10 04:00:00,004 INFO {"event": "gather_plugin_emit", "pipeline_config": {"base_stablecoin": null, "exchanges": [], "stablecoins": [], "tokens": []}, "pipeline": "current_1h"}
2025-05-10 04:00:00,004 INFO {"event": "plugin_run", "plugin": "gather_plugin", "pipeline": "current_1h", "hook": "gather"}
2025-05-10 04:00:00,004 ERROR {"event": "plugin_error", "plugin": "fetcher_plugin", "pipeline": "current_1h", "hook": "fetcher", "error": "No module named 'plugins.fetcher_plugin'"}
2025-05-10 04:00:00,004 ERROR {"event": "plugin_error", "plugin": "gap_plugin", "pipeline": "current_1h", "hook": "gap", "error": "No module named 'plugins.gap_plugin'"}
2025-05-10 04:00:00,004 ERROR {"event": "plugin_error", "plugin": "aggregate_allmarkets_plugin", "pipeline": "current_1h", "hook": "aggregate_allmarkets", "error": "No module named 'plugins.aggregate_allmarkets_plugin'"}
2025-05-10 04:00:00,005 ERROR {"event": "plugin_error", "plugin": "indicators_plugin", "pipeline": "current_1h", "hook": "indicators", "error": "module 'plugins.indicators_plugin' has no attribute 'run'"}
2025-05-10 04:02:30,354 INFO {"event": "shutdown", "signal": 2}
2025-05-10 04:02:31,676 INFO {"event": "scheduler_job_added", "pipeline": "current_1h", "cron": "0 */1 * * *"}
2025-05-10 04:02:31,677 INFO {"event": "scheduler_job_added", "pipeline": "current_6h", "cron": "0 */6 * * *"}
2025-05-10 04:02:31,678 INFO {"event": "scheduler_job_added", "pipeline": "current_1d", "cron": "0 0 */1 * *"}
2025-05-10 05:00:00,004 INFO {"event": "gather_plugin_config_raw", "config_json": "{}", "pipeline": "current_1h"}
2025-05-10 05:00:00,004 INFO {"event": "gather_plugin_run", "config": {}, "pipeline": "current_1h"}
2025-05-10 05:00:00,004 INFO {"event": "gather_plugin_emit", "pipeline_config": {"base_stablecoin": null, "exchanges": [], "stablecoins": [], "tokens": []}, "pipeline": "current_1h"}
2025-05-10 05:00:00,004 INFO {"event": "plugin_run", "plugin": "gather_plugin", "pipeline": "current_1h", "hook": "gather"}
2025-05-10 05:00:00,004 ERROR {"event": "plugin_error", "plugin": "fetcher_plugin", "pipeline": "current_1h", "hook": "fetcher", "error": "No module named 'plugins.fetcher_plugin'"}
2025-05-10 05:00:00,004 ERROR {"event": "plugin_error", "plugin": "gap_plugin", "pipeline": "current_1h", "hook": "gap", "error": "No module named 'plugins.gap_plugin'"}
2025-05-10 05:00:00,004 ERROR {"event": "plugin_error", "plugin": "aggregate_allmarkets_plugin", "pipeline": "current_1h", "hook": "aggregate_allmarkets", "error": "No module named 'plugins.aggregate_allmarkets_plugin'"}
2025-05-10 05:00:00,005 ERROR {"event": "plugin_error", "plugin": "indicators_plugin", "pipeline": "current_1h", "hook": "indicators", "error": "module 'plugins.indicators_plugin' has no attribute 'run'"}
2025-05-10 05:25:09,754 INFO {"event": "shutdown", "signal": 2}
2025-05-10 05:40:13,212 INFO {"event": "scheduler_job_added", "pipeline": "current_1h", "cron": "0 */1 * * *"}
2025-05-10 05:40:13,214 INFO {"event": "scheduler_job_added", "pipeline": "current_6h", "cron": "0 */6 * * *"}
2025-05-10 05:40:13,215 INFO {"event": "scheduler_job_added", "pipeline": "current_1d", "cron": "0 0 */1 * *"}
2025-05-10 05:41:59,403 INFO {"event": "shutdown", "signal": 2}
2025-05-10 05:42:17,234 INFO {"event": "scheduler_job_added", "pipeline": "current_1h", "cron": "0 */1 * * *"}
2025-05-10 05:42:17,234 INFO {"event": "scheduler_job_added", "pipeline": "current_6h", "cron": "0 */6 * * *"}
2025-05-10 05:42:17,236 INFO {"event": "scheduler_job_added", "pipeline": "current_1d", "cron": "0 0 */1 * *"}
2025-05-10 05:43:48,256 INFO {"event": "shutdown", "signal": 2}
2025-05-10 05:43:49,897 INFO {"event": "scheduler_job_added", "pipeline": "current_1h", "cron": "0 */1 * * *"}
2025-05-10 05:43:49,897 INFO {"event": "scheduler_job_added", "pipeline": "current_6h", "cron": "0 */6 * * *"}
2025-05-10 05:43:49,899 INFO {"event": "scheduler_job_added", "pipeline": "current_1d", "cron": "0 0 */1 * *"}
2025-05-10 05:45:18,846 INFO {"event": "shutdown", "signal": 2}
2025-05-10 05:45:41,647 INFO {"event": "scheduler_job_added", "pipeline": "current_1h", "cron": "0 */1 * * *"}
2025-05-10 05:45:41,648 INFO {"event": "scheduler_job_added", "pipeline": "current_6h", "cron": "0 */6 * * *"}
2025-05-10 05:45:41,649 INFO {"event": "scheduler_job_added", "pipeline": "current_1d", "cron": "0 0 */1 * *"}
2025-05-10 05:46:44,288 INFO {"event": "shutdown", "signal": 2}
2025-05-10 05:46:45,793 INFO {"event": "scheduler_job_added", "pipeline": "current_1h", "cron": "0 */1 * * *"}
2025-05-10 05:46:45,795 INFO {"event": "scheduler_job_added", "pipeline": "current_6h", "cron": "0 */6 * * *"}
2025-05-10 05:46:45,796 INFO {"event": "scheduler_job_added", "pipeline": "current_1d", "cron": "0 0 */1 * *"}
2025-05-10 05:48:28,057 INFO {"event": "shutdown", "signal": 2}
2025-05-10 05:48:29,708 INFO {"event": "scheduler_job_added", "pipeline": "current_1h", "cron": "0 */1 * * *"}
2025-05-10 05:48:29,710 INFO {"event": "scheduler_job_added", "pipeline": "current_6h", "cron": "0 */6 * * *"}
2025-05-10 05:48:29,710 INFO {"event": "scheduler_job_added", "pipeline": "current_1d", "cron": "0 0 */1 * *"}
2025-05-10 05:56:25,249 INFO {"event": "shutdown", "signal": 2}
2025-05-10 05:56:36,911 INFO {"event": "scheduler_job_added", "pipeline": "current_1h", "cron": "0 */1 * * *"}
2025-05-10 05:56:36,914 INFO {"event": "scheduler_job_added", "pipeline": "current_6h", "cron": "0 */6 * * *"}
2025-05-10 05:56:36,915 INFO {"event": "scheduler_job_added", "pipeline": "current_1d", "cron": "0 0 */1 * *"}
2025-05-10 05:56:44,054 INFO {"event": "trigger_pipeline", "pipeline": "debug"}
2025-05-10 05:56:44,060 INFO {"event": "plugin_run", "plugin": "debug_plugin", "pipeline": "debug", "hook": "debug"}
2025-05-10 05:58:22,117 INFO {"event": "shutdown", "signal": 2}
2025-05-10 05:58:24,773 INFO {"event": "scheduler_job_added", "pipeline": "current_1h", "cron": "0 */1 * * *"}
2025-05-10 05:58:24,775 INFO {"event": "scheduler_job_added", "pipeline": "current_6h", "cron": "0 */6 * * *"}
2025-05-10 05:58:24,775 INFO {"event": "scheduler_job_added", "pipeline": "current_1d", "cron": "0 0 */1 * *"}
2025-05-10 05:59:22,360 INFO {"event": "shutdown", "signal": 2}
2025-05-10 05:59:23,905 INFO {"event": "scheduler_job_added", "pipeline": "current_1h", "cron": "0 */1 * * *"}
2025-05-10 05:59:23,905 INFO {"event": "scheduler_job_added", "pipeline": "current_6h", "cron": "0 */6 * * *"}
2025-05-10 05:59:23,906 INFO {"event": "scheduler_job_added", "pipeline": "current_1d", "cron": "0 0 */1 * *"}
2025-05-10 06:00:00,004 INFO {"event": "gather_plugin_config_raw", "config_json": "{}", "pipeline": "current_1h"}
2025-05-10 06:00:00,005 INFO {"event": "gather_plugin_run", "config": {}, "pipeline": "current_1h"}
2025-05-10 06:00:00,005 INFO {"event": "gather_plugin_config_raw", "config_json": "{}", "pipeline": "current_6h"}
2025-05-10 06:00:00,005 INFO {"event": "gather_plugin_emit", "pipeline_config": {"base_stablecoin": null, "exchanges": [], "stablecoins": [], "tokens": []}, "pipeline": "current_1h"}
2025-05-10 06:00:00,005 INFO {"event": "gather_plugin_run", "config": {}, "pipeline": "current_6h"}
2025-05-10 06:00:00,006 INFO {"event": "plugin_run", "plugin": "gather_plugin", "pipeline": "current_1h", "hook": "gather"}
2025-05-10 06:00:00,006 INFO {"event": "gather_plugin_emit", "pipeline_config": {"base_stablecoin": null, "exchanges": [], "stablecoins": [], "tokens": []}, "pipeline": "current_6h"}
2025-05-10 06:00:00,006 ERROR {"event": "plugin_error", "plugin": "fetcher_plugin", "pipeline": "current_1h", "hook": "fetcher", "error": "No module named 'plugins.fetcher_plugin'"}
2025-05-10 06:00:00,006 INFO {"event": "plugin_run", "plugin": "gather_plugin", "pipeline": "current_6h", "hook": "gather"}
2025-05-10 06:00:00,007 ERROR {"event": "plugin_error", "plugin": "gap_plugin", "pipeline": "current_1h", "hook": "gap", "error": "No module named 'plugins.gap_plugin'"}
2025-05-10 06:00:00,007 ERROR {"event": "plugin_error", "plugin": "fetcher_plugin", "pipeline": "current_6h", "hook": "fetcher", "error": "No module named 'plugins.fetcher_plugin'"}
2025-05-10 06:00:00,007 ERROR {"event": "plugin_error", "plugin": "aggregate_allmarkets_plugin", "pipeline": "current_1h", "hook": "aggregate_allmarkets", "error": "No module named 'plugins.aggregate_allmarkets_plugin'"}
2025-05-10 06:00:00,007 ERROR {"event": "plugin_error", "plugin": "gap_plugin", "pipeline": "current_6h", "hook": "gap", "error": "No module named 'plugins.gap_plugin'"}
2025-05-10 06:00:00,008 ERROR {"event": "plugin_error", "plugin": "aggregate_allmarkets_plugin", "pipeline": "current_6h", "hook": "aggregate_allmarkets", "error": "No module named 'plugins.aggregate_allmarkets_plugin'"}
2025-05-10 06:00:00,009 ERROR {"event": "plugin_error", "plugin": "indicators_plugin", "pipeline": "current_1h", "hook": "indicators", "error": "module 'plugins.indicators_plugin' has no attribute 'run'"}
2025-05-10 06:00:00,010 ERROR {"event": "plugin_error", "plugin": "indicators_plugin", "pipeline": "current_6h", "hook": "indicators", "error": "module 'plugins.indicators_plugin' has no attribute 'run'"}
2025-05-10 06:00:49,085 INFO {"event": "shutdown", "signal": 2}
2025-05-10 06:00:50,498 INFO {"event": "scheduler_job_added", "pipeline": "current_1h", "cron": "0 */1 * * *"}
2025-05-10 06:00:50,499 INFO {"event": "scheduler_job_added", "pipeline": "current_6h", "cron": "0 */6 * * *"}
2025-05-10 06:00:50,500 INFO {"event": "scheduler_job_added", "pipeline": "current_1d", "cron": "0 0 */1 * *"}
2025-05-10 06:01:08,204 INFO {"event": "shutdown", "signal": 2}
2025-05-10 06:01:32,180 INFO {"event": "scheduler_job_added", "pipeline": "current_1h", "cron": "0 */1 * * *"}
2025-05-10 06:01:32,181 INFO {"event": "scheduler_job_added", "pipeline": "current_6h", "cron": "0 */6 * * *"}
2025-05-10 06:01:32,181 INFO {"event": "scheduler_job_added", "pipeline": "current_1d", "cron": "0 0 */1 * *"}
2025-05-10 06:03:17,216 INFO {"event": "shutdown", "signal": 2}
2025-05-10 06:03:18,624 INFO {"event": "scheduler_job_added", "pipeline": "current_1h", "cron": "0 */1 * * *"}
2025-05-10 06:03:18,624 INFO {"event": "scheduler_job_added", "pipeline": "current_6h", "cron": "0 */6 * * *"}
2025-05-10 06:03:18,625 INFO {"event": "scheduler_job_added", "pipeline": "current_1d", "cron": "0 0 */1 * *"}
2025-05-10 06:04:25,533 INFO {"event": "shutdown", "signal": 2}
2025-05-10 06:04:26,926 INFO {"event": "scheduler_job_added", "pipeline": "current_1h", "cron": "0 */1 * * *"}
2025-05-10 06:04:26,926 INFO {"event": "scheduler_job_added", "pipeline": "current_6h", "cron": "0 */6 * * *"}
2025-05-10 06:04:26,927 INFO {"event": "scheduler_job_added", "pipeline": "current_1d", "cron": "0 0 */1 * *"}
2025-05-10 06:05:20,443 INFO {"event": "shutdown", "signal": 2}
2025-05-10 06:05:21,888 INFO {"event": "scheduler_job_added", "pipeline": "current_1h", "cron": "0 */1 * * *"}
2025-05-10 06:05:21,889 INFO {"event": "scheduler_job_added", "pipeline": "current_6h", "cron": "0 */6 * * *"}
2025-05-10 06:05:21,889 INFO {"event": "scheduler_job_added", "pipeline": "current_1d", "cron": "0 0 */1 * *"}
2025-05-10 06:05:52,836 INFO {"event": "shutdown", "signal": 2}
2025-05-10 06:06:32,212 INFO {"event": "scheduler_job_added", "pipeline": "current_1h", "cron": "0 */1 * * *"}
2025-05-10 06:06:32,213 INFO {"event": "scheduler_job_added", "pipeline": "current_6h", "cron": "0 */6 * * *"}
2025-05-10 06:06:32,214 INFO {"event": "scheduler_job_added", "pipeline": "current_1d", "cron": "0 0 */1 * *"}
2025-05-10 06:10:13,590 INFO {"event": "shutdown", "signal": 2}
2025-05-10 06:10:49,917 INFO {"event": "scheduler_job_added", "pipeline": "current_1h", "cron": "0 */1 * * *"}
2025-05-10 06:10:49,918 INFO {"event": "scheduler_job_added", "pipeline": "current_6h", "cron": "0 */6 * * *"}
2025-05-10 06:10:49,919 INFO {"event": "scheduler_job_added", "pipeline": "current_1d", "cron": "0 0 */1 * *"}
2025-05-10 06:14:01,997 INFO {"event": "shutdown", "signal": 2}
2025-05-10 06:14:03,323 INFO {"event": "scheduler_job_added", "pipeline": "current_1h", "cron": "0 */1 * * *"}
2025-05-10 06:14:03,324 INFO {"event": "scheduler_job_added", "pipeline": "current_6h", "cron": "0 */6 * * *"}
2025-05-10 06:14:03,324 INFO {"event": "scheduler_job_added", "pipeline": "current_1d", "cron": "0 0 */1 * *"}
2025-05-10 06:14:17,539 INFO {"event": "trigger_pipeline", "pipeline": "debug"}
2025-05-10 06:14:17,542 INFO {"event": "plugin_run", "plugin": "debug_plugin", "pipeline": "debug", "hook": "debug"}
2025-05-10 06:14:27,696 INFO {"event": "shutdown", "signal": 2}
2025-05-10 06:17:04,085 INFO {"event": "scheduler_job_added", "pipeline": "current_1h", "cron": "0 */1 * * *"}
2025-05-10 06:17:04,085 INFO {"event": "scheduler_job_added", "pipeline": "current_6h", "cron": "0 */6 * * *"}
2025-05-10 06:17:04,086 INFO {"event": "scheduler_job_added", "pipeline": "current_1d", "cron": "0 0 */1 * *"}
2025-05-10 06:17:51,197 INFO {"event": "shutdown", "signal": 2}
2025-05-10 06:19:19,093 INFO {"event": "scheduler_job_added", "pipeline": "current_1h", "cron": "0 */1 * * *"}
2025-05-10 06:19:19,094 INFO {"event": "scheduler_job_added", "pipeline": "current_6h", "cron": "0 */6 * * *"}
2025-05-10 06:19:19,095 INFO {"event": "scheduler_job_added", "pipeline": "current_1d", "cron": "0 0 */1 * *"}
2025-05-10 06:20:58,363 INFO {"event": "shutdown", "signal": 2}
2025-05-10 06:21:53,039 INFO {"event": "scheduler_job_added", "pipeline": "current_1h", "cron": "0 */1 * * *"}
2025-05-10 06:21:53,040 INFO {"event": "scheduler_job_added", "pipeline": "current_6h", "cron": "0 */6 * * *"}
2025-05-10 06:21:53,040 INFO {"event": "scheduler_job_added", "pipeline": "current_1d", "cron": "0 0 */1 * *"}
2025-05-10 06:21:57,033 INFO {"event": "trigger_pipeline", "pipeline": "debug"}
2025-05-10 06:21:57,038 INFO {"event": "plugin_run", "plugin": "debug_plugin", "pipeline": "debug", "hook": "debug"}
2025-05-10 06:30:26,215 INFO {"event": "shutdown", "signal": 2}
2025-05-10 06:30:27,855 INFO {"event": "scheduler_job_added", "pipeline": "current_1h", "cron": "0 */1 * * *"}
2025-05-10 06:30:27,855 INFO {"event": "scheduler_job_added", "pipeline": "current_6h", "cron": "0 */6 * * *"}
2025-05-10 06:30:27,856 INFO {"event": "scheduler_job_added", "pipeline": "current_1d", "cron": "0 0 */1 * *"}
2025-05-10 06:30:34,977 INFO {"event": "trigger_pipeline", "pipeline": "debug"}
2025-05-10 06:30:34,981 INFO {"event": "plugin_run", "plugin": "debug_plugin", "pipeline": "debug", "hook": "debug"}
2025-05-10 06:38:27,901 INFO {"event": "shutdown", "signal": 2}
2025-05-10 06:38:29,481 INFO {"event": "scheduler_job_added", "pipeline": "current_1h", "cron": "0 */1 * * *"}
2025-05-10 06:38:29,481 INFO {"event": "scheduler_job_added", "pipeline": "current_6h", "cron": "0 */6 * * *"}
2025-05-10 06:38:29,483 INFO {"event": "scheduler_job_added", "pipeline": "current_1d", "cron": "0 0 */1 * *"}
2025-05-10 06:38:54,341 INFO {"event": "trigger_pipeline", "pipeline": "debug"}
2025-05-10 06:38:54,348 INFO {"event": "plugin_context_update", "plugin": "debug_plugin", "pipeline": "debug", "hook": "debug", "updated_keys": ["run_id", "start_time", "pipeline", "hook", "services", "command", "debug_plugin_visited", "debug_plugin_timestamp"]}
2025-05-10 06:38:54,348 INFO {"event": "plugin_context_update", "plugin": "debug_plugin", "pipeline": "debug", "hook": "debug", "updated_keys": ["run_id", "start_time", "pipeline", "hook", "services", "command", "debug_plugin_visited", "debug_plugin_timestamp"]}
2025-05-10 07:00:00,003 INFO {"event": "gather_plugin_config_raw", "config_json": "{}", "pipeline": "current_1h"}
2025-05-10 07:00:00,003 INFO {"event": "gather_plugin_run", "config": {}, "pipeline": "current_1h"}
2025-05-10 07:00:00,003 INFO {"event": "gather_plugin_emit", "pipeline_config": {"base_stablecoin": null, "exchanges": [], "stablecoins": [], "tokens": []}, "pipeline": "current_1h"}
2025-05-10 07:00:00,003 INFO {"event": "plugin_run", "plugin": "gather_plugin", "pipeline": "current_1h", "hook": "gather"}
2025-05-10 07:00:00,004 ERROR {"event": "plugin_error", "plugin": "fetcher_plugin", "pipeline": "current_1h", "hook": "fetcher", "error": "No module named 'plugins.fetcher_plugin'"}
2025-05-10 07:00:00,005 ERROR {"event": "plugin_error", "plugin": "gap_plugin", "pipeline": "current_1h", "hook": "gap", "error": "No module named 'plugins.gap_plugin'"}
2025-05-10 07:00:00,005 ERROR {"event": "plugin_error", "plugin": "aggregate_allmarkets_plugin", "pipeline": "current_1h", "hook": "aggregate_allmarkets", "error": "No module named 'plugins.aggregate_allmarkets_plugin'"}
2025-05-10 07:00:00,006 ERROR {"event": "plugin_error", "plugin": "indicators_plugin", "pipeline": "current_1h", "hook": "indicators", "error": "module 'plugins.indicators_plugin' has no attribute 'run'"}
2025-05-10 07:03:37,680 INFO {"event": "shutdown", "signal": 2}
2025-05-10 07:03:41,729 INFO {"event": "scheduler_job_added", "pipeline": "current_1h", "cron": "0 */1 * * *"}
2025-05-10 07:03:41,729 INFO {"event": "scheduler_job_added", "pipeline": "current_6h", "cron": "0 */6 * * *"}
2025-05-10 07:03:41,730 INFO {"event": "scheduler_job_added", "pipeline": "current_1d", "cron": "0 0 */1 * *"}
2025-05-10 07:04:05,876 INFO {"event": "trigger_pipeline", "pipeline": "debug"}
2025-05-10 07:04:05,882 INFO {"event": "plugin_context_update", "plugin": "framework_check_plugin", "pipeline": "debug", "hook": "framework_check", "updated_keys": ["run_id", "start_time", "pipeline", "hook", "services", "command", "framework_check"]}
2025-05-10 07:04:05,883 INFO {"event": "plugin_context_update", "plugin": "debug_plugin", "pipeline": "debug", "hook": "debug", "updated_keys": ["run_id", "start_time", "pipeline", "hook", "services", "command", "framework_check", "debug_plugin_visited", "debug_plugin_timestamp"]}
2025-05-10 07:06:16,299 INFO {"event": "shutdown", "signal": 2}
2025-05-10 07:06:18,205 INFO {"event": "scheduler_job_added", "pipeline": "current_1h", "cron": "0 */1 * * *"}
2025-05-10 07:06:18,206 INFO {"event": "scheduler_job_added", "pipeline": "current_6h", "cron": "0 */6 * * *"}
2025-05-10 07:06:18,206 INFO {"event": "scheduler_job_added", "pipeline": "current_1d", "cron": "0 0 */1 * *"}
2025-05-10 07:06:26,822 INFO {"event": "trigger_pipeline", "pipeline": "debug"}
2025-05-10 07:06:26,941 INFO {"event": "plugin_context_update", "plugin": "framework_check_plugin", "pipeline": "debug", "hook": "framework_check", "updated_keys": ["run_id", "start_time", "pipeline", "hook", "services", "command", "framework_check"]}
2025-05-10 07:06:26,943 INFO {"event": "plugin_context_update", "plugin": "debug_plugin", "pipeline": "debug", "hook": "debug", "updated_keys": ["run_id", "start_time", "pipeline", "hook", "services", "command", "framework_check", "debug_plugin_visited", "debug_plugin_timestamp"]}
2025-05-10 07:09:30,576 INFO {"event": "shutdown", "signal": 2}
2025-05-10 07:09:32,522 INFO {"event": "scheduler_job_added", "pipeline": "current_1h", "cron": "0 */1 * * *"}
2025-05-10 07:09:32,524 INFO {"event": "scheduler_job_added", "pipeline": "current_6h", "cron": "0 */6 * * *"}
2025-05-10 07:09:32,524 INFO {"event": "scheduler_job_added", "pipeline": "current_1d", "cron": "0 0 */1 * *"}
2025-05-10 07:09:38,088 INFO {"event": "trigger_pipeline", "pipeline": "debug"}
2025-05-10 07:09:38,114 ERROR {"event": "plugin_error", "error": "name 'time' is not defined"}
2025-05-10 07:09:38,114 ERROR {"event": "plugin_error", "plugin": "framework_check_plugin", "pipeline": "debug", "hook": "framework_check", "error": "name 'time' is not defined"}
2025-05-10 07:09:38,115 INFO {"event": "plugin_context_update", "plugin": "debug_plugin", "pipeline": "debug", "hook": "debug", "updated_keys": ["run_id", "start_time", "pipeline", "hook", "services", "command", "debug_plugin_visited", "debug_plugin_timestamp"]}
2025-05-10 07:10:30,019 INFO {"event": "shutdown", "signal": 2}
2025-05-10 07:11:34,166 INFO {"event": "scheduler_job_added", "pipeline": "current_1h", "cron": "0 */1 * * *"}
2025-05-10 07:11:34,168 INFO {"event": "scheduler_job_added", "pipeline": "current_6h", "cron": "0 */6 * * *"}
2025-05-10 07:11:34,168 INFO {"event": "scheduler_job_added", "pipeline": "current_1d", "cron": "0 0 */1 * *"}
2025-05-10 07:11:39,770 INFO {"event": "trigger_pipeline", "pipeline": "debug"}
2025-05-10 07:11:40,146 INFO {"event": "plugin_context_update", "plugin": "framework_check_plugin", "pipeline": "debug", "hook": "framework_check", "updated_keys": ["run_id", "start_time", "pipeline", "hook", "services", "command", "framework_check"]}
2025-05-10 07:11:40,147 INFO {"event": "plugin_context_update", "plugin": "debug_plugin", "pipeline": "debug", "hook": "debug", "updated_keys": ["run_id", "start_time", "pipeline", "hook", "services", "command", "framework_check", "debug_plugin_visited", "debug_plugin_timestamp"]}
2025-05-10 07:13:48,392 INFO {"event": "shutdown", "signal": 2}
2025-05-10 07:13:49,752 INFO {"event": "scheduler_job_added", "pipeline": "current_1h", "cron": "0 */1 * * *"}
2025-05-10 07:13:49,754 INFO {"event": "scheduler_job_added", "pipeline": "current_6h", "cron": "0 */6 * * *"}
2025-05-10 07:13:49,755 INFO {"event": "scheduler_job_added", "pipeline": "current_1d", "cron": "0 0 */1 * *"}
2025-05-10 07:13:56,544 INFO {"event": "trigger_pipeline", "pipeline": "debug"}
2025-05-10 07:13:56,920 INFO {"event": "plugin_context_update", "plugin": "framework_check_plugin", "pipeline": "debug", "hook": "framework_check", "updated_keys": ["run_id", "start_time", "pipeline", "hook", "services", "command", "framework_check"]}
2025-05-10 07:13:56,922 INFO {"event": "plugin_context_update", "plugin": "debug_plugin", "pipeline": "debug", "hook": "debug", "updated_keys": ["run_id", "start_time", "pipeline", "hook", "services", "command", "framework_check", "debug_plugin_visited", "debug_plugin_timestamp"]}
2025-05-10 07:18:03,310 INFO {"event": "shutdown", "signal": 2}
2025-05-10 07:18:04,714 INFO {"event": "scheduler_job_added", "pipeline": "current_1h", "cron": "0 */1 * * *"}
2025-05-10 07:18:04,715 INFO {"event": "scheduler_job_added", "pipeline": "current_6h", "cron": "0 */6 * * *"}
2025-05-10 07:18:04,715 INFO {"event": "scheduler_job_added", "pipeline": "current_1d", "cron": "0 0 */1 * *"}
2025-05-10 07:18:17,562 INFO {"event": "trigger_pipeline", "pipeline": "debug"}
2025-05-10 07:18:17,568 ERROR {"event": "plugin_error", "plugin": "framework_check_plugin", "pipeline": "debug", "hook": "framework_check", "error": "expected 'except' or 'finally' block (__init__.py, line 111)"}
2025-05-10 07:18:17,569 INFO {"event": "plugin_context_update", "plugin": "debug_plugin", "pipeline": "debug", "hook": "debug", "updated_keys": ["run_id", "start_time", "pipeline", "hook", "services", "command", "debug_plugin_visited", "debug_plugin_timestamp"]}
2025-05-10 07:19:24,892 INFO {"event": "shutdown", "signal": 2}
2025-05-10 07:21:24,875 INFO {"event": "scheduler_job_added", "pipeline": "current_1h", "cron": "0 */1 * * *"}
2025-05-10 07:21:24,875 INFO {"event": "scheduler_job_added", "pipeline": "current_6h", "cron": "0 */6 * * *"}
2025-05-10 07:21:24,879 INFO {"event": "scheduler_job_added", "pipeline": "current_1d", "cron": "0 0 */1 * *"}
2025-05-10 07:21:30,903 INFO {"event": "trigger_pipeline", "pipeline": "debug"}
2025-05-10 07:21:30,910 ERROR {"event": "plugin_error", "plugin": "framework_check_plugin", "pipeline": "debug", "hook": "framework_check", "error": "expected 'except' or 'finally' block (__init__.py, line 111)"}
2025-05-10 07:21:30,912 INFO {"event": "plugin_context_update", "plugin": "debug_plugin", "pipeline": "debug", "hook": "debug", "updated_keys": ["run_id", "start_time", "pipeline", "hook", "services", "command", "debug_plugin_visited", "debug_plugin_timestamp"]}
2025-05-10 07:22:47,655 INFO {"event": "shutdown", "signal": 2}
2025-05-10 07:23:57,906 INFO {"event": "scheduler_job_added", "pipeline": "current_1h", "cron": "0 */1 * * *"}
2025-05-10 07:23:57,907 INFO {"event": "scheduler_job_added", "pipeline": "current_6h", "cron": "0 */6 * * *"}
2025-05-10 07:23:57,908 INFO {"event": "scheduler_job_added", "pipeline": "current_1d", "cron": "0 0 */1 * *"}
2025-05-10 07:24:02,108 INFO {"event": "trigger_pipeline", "pipeline": "debug"}
2025-05-10 07:24:02,147 INFO {"event": "plugin_context_update", "plugin": "framework_check_plugin", "pipeline": "debug", "hook": "framework_check", "updated_keys": ["run_id", "start_time", "pipeline", "hook", "services", "command", "jobs", "framework_check"]}
2025-05-10 07:24:02,149 INFO {"event": "plugin_context_update", "plugin": "debug_plugin", "pipeline": "debug", "hook": "debug", "updated_keys": ["run_id", "start_time", "pipeline", "hook", "services", "command", "jobs", "framework_check", "debug_plugin_visited", "debug_plugin_timestamp"]}
2025-05-10 07:24:17,626 INFO {"event": "shutdown", "signal": 2}
2025-05-10 07:24:45,356 INFO {"event": "scheduler_job_added", "pipeline": "current_1h", "cron": "0 */1 * * *"}
2025-05-10 07:24:45,357 INFO {"event": "scheduler_job_added", "pipeline": "current_6h", "cron": "0 */6 * * *"}
2025-05-10 07:24:45,358 INFO {"event": "scheduler_job_added", "pipeline": "current_1d", "cron": "0 0 */1 * *"}
2025-05-10 07:24:49,734 INFO {"event": "trigger_pipeline", "pipeline": "debug"}
2025-05-10 07:24:49,768 INFO {"event": "plugin_context_update", "plugin": "framework_check_plugin", "pipeline": "debug", "hook": "framework_check", "updated_keys": ["run_id", "start_time", "pipeline", "hook", "services", "command", "jobs", "framework_check"]}
2025-05-10 07:24:49,769 INFO {"event": "plugin_context_update", "plugin": "debug_plugin", "pipeline": "debug", "hook": "debug", "updated_keys": ["run_id", "start_time", "pipeline", "hook", "services", "command", "jobs", "framework_check", "debug_plugin_visited", "debug_plugin_timestamp"]}
2025-05-10 07:28:42,428 INFO {"event": "shutdown", "signal": 2}
2025-05-10 07:31:08,362 INFO {"event": "scheduler_job_added", "pipeline": "current_1h", "cron": "0 */1 * * *"}
2025-05-10 07:31:08,363 INFO {"event": "scheduler_job_added", "pipeline": "current_6h", "cron": "0 */6 * * *"}
2025-05-10 07:31:08,364 INFO {"event": "scheduler_job_added", "pipeline": "current_1d", "cron": "0 0 */1 * *"}
2025-05-10 07:31:13,510 INFO {"event": "trigger_pipeline", "pipeline": "debug"}
2025-05-10 07:31:13,568 INFO {"event": "plugin_context_update", "plugin": "framework_check_plugin", "pipeline": "debug", "hook": "framework_check", "updated_keys": ["run_id", "start_time", "pipeline", "hook", "services", "command", "jobs", "framework_check"]}
2025-05-10 07:31:13,569 INFO {"event": "plugin_context_update", "plugin": "debug_plugin", "pipeline": "debug", "hook": "debug", "updated_keys": ["run_id", "start_time", "pipeline", "hook", "services", "command", "jobs", "framework_check", "debug_plugin_visited", "debug_plugin_timestamp"]}
2025-05-10 07:45:30,029 INFO {"event": "shutdown", "signal": 2}
2025-05-10 07:45:39,468 INFO {"event": "scheduler_job_added", "pipeline": "current_1h", "cron": "0 */1 * * *"}
2025-05-10 07:45:39,469 INFO {"event": "scheduler_job_added", "pipeline": "current_6h", "cron": "0 */6 * * *"}
2025-05-10 07:45:39,470 INFO {"event": "scheduler_job_added", "pipeline": "current_1d", "cron": "0 0 */1 * *"}
2025-05-10 07:45:46,714 INFO {"event": "trigger_pipeline", "pipeline": "debug"}
2025-05-10 07:45:46,763 INFO {"event": "plugin_context_update", "plugin": "framework_check_plugin", "pipeline": "debug", "hook": "framework_check", "updated_keys": ["run_id", "start_time", "pipeline", "hook", "services", "command", "jobs", "framework_check"]}
2025-05-10 07:45:46,764 INFO {"event": "plugin_context_update", "plugin": "debug_plugin", "pipeline": "debug", "hook": "debug", "updated_keys": ["run_id", "start_time", "pipeline", "hook", "services", "command", "jobs", "framework_check", "debug_plugin_visited", "debug_plugin_timestamp"]}
2025-05-10 07:51:27,194 INFO {"event": "shutdown", "signal": 2}
2025-05-10 07:51:28,624 INFO {"event": "scheduler_job_added", "pipeline": "current_1h", "cron": "0 */1 * * *"}
2025-05-10 07:51:28,624 INFO {"event": "scheduler_job_added", "pipeline": "current_6h", "cron": "0 */6 * * *"}
2025-05-10 07:51:28,626 INFO {"event": "scheduler_job_added", "pipeline": "current_1d", "cron": "0 0 */1 * *"}
2025-05-10 07:51:35,930 INFO {"event": "trigger_pipeline", "pipeline": "debug"}
2025-05-10 07:51:35,977 INFO {"event": "plugin_context_update", "plugin": "framework_check_plugin", "pipeline": "debug", "hook": "framework_check", "updated_keys": ["run_id", "start_time", "pipeline", "hook", "services", "command", "jobs", "framework_check"]}
2025-05-10 07:51:35,979 INFO {"event": "plugin_context_update", "plugin": "debug_plugin", "pipeline": "debug", "hook": "debug", "updated_keys": ["run_id", "start_time", "pipeline", "hook", "services", "command", "jobs", "framework_check", "debug_plugin_visited", "debug_plugin_timestamp"]}
2025-05-10 07:52:17,283 INFO {"event": "shutdown", "signal": 2}
2025-05-10 08:03:59,710 INFO {"event": "scheduler_job_added", "pipeline": "current_1h", "cron": "0 */1 * * *"}
2025-05-10 08:03:59,711 INFO {"event": "scheduler_job_added", "pipeline": "current_6h", "cron": "0 */6 * * *"}
2025-05-10 08:03:59,711 INFO {"event": "scheduler_job_added", "pipeline": "current_1d", "cron": "0 0 */1 * *"}
2025-05-10 08:04:16,083 INFO {"event": "trigger_pipeline", "pipeline": "debug"}
2025-05-10 08:04:16,132 INFO {"event": "plugin_context_update", "plugin": "framework_check_plugin", "pipeline": "debug", "hook": "framework_check", "updated_keys": ["run_id", "start_time", "pipeline", "hook", "services", "command", "jobs", "framework_check"]}
2025-05-10 08:04:16,133 INFO {"event": "plugin_context_update", "plugin": "debug_plugin", "pipeline": "debug", "hook": "debug", "updated_keys": ["run_id", "start_time", "pipeline", "hook", "services", "command", "jobs", "framework_check", "debug_plugin_visited", "debug_plugin_timestamp"]}
2025-05-10 08:08:28,589 INFO {"event": "shutdown", "signal": 2}
2025-05-10 08:08:30,203 INFO {"event": "scheduler_job_added", "pipeline": "current_1h", "cron": "0 */1 * * *"}
2025-05-10 08:08:30,204 INFO {"event": "scheduler_job_added", "pipeline": "current_6h", "cron": "0 */6 * * *"}
2025-05-10 08:08:30,204 INFO {"event": "scheduler_job_added", "pipeline": "current_1d", "cron": "0 0 */1 * *"}
2025-05-10 08:08:35,031 INFO {"event": "trigger_pipeline", "pipeline": "debug"}
2025-05-10 08:08:35,087 INFO {"event": "plugin_context_update", "plugin": "framework_check_plugin", "pipeline": "debug", "hook": "framework_check", "updated_keys": ["run_id", "start_time", "pipeline", "hook", "services", "command", "jobs", "framework_check"]}
2025-05-10 08:08:35,088 INFO {"event": "plugin_context_update", "plugin": "debug_plugin", "pipeline": "debug", "hook": "debug", "updated_keys": ["run_id", "start_time", "pipeline", "hook", "services", "command", "jobs", "framework_check", "debug_plugin_visited", "debug_plugin_timestamp"]}
2025-05-10 08:09:36,353 INFO {"event": "shutdown", "signal": 2}
2025-05-10 08:09:37,884 INFO {"event": "scheduler_job_added", "pipeline": "current_1h", "cron": "0 */1 * * *"}
2025-05-10 08:09:37,884 INFO {"event": "scheduler_job_added", "pipeline": "current_6h", "cron": "0 */6 * * *"}
2025-05-10 08:09:37,886 INFO {"event": "scheduler_job_added", "pipeline": "current_1d", "cron": "0 0 */1 * *"}
2025-05-10 08:09:46,089 INFO {"event": "trigger_pipeline", "pipeline": "debug"}
2025-05-10 08:09:46,234 INFO {"event": "plugin_context_update", "plugin": "framework_check_plugin", "pipeline": "debug", "hook": "framework_check", "updated_keys": ["run_id", "start_time", "pipeline", "hook", "services", "command", "jobs", "framework_check"]}
2025-05-10 08:09:46,236 INFO {"event": "plugin_context_update", "plugin": "debug_plugin", "pipeline": "debug", "hook": "debug", "updated_keys": ["run_id", "start_time", "pipeline", "hook", "services", "command", "jobs", "framework_check", "debug_plugin_visited", "debug_plugin_timestamp"]}
2025-05-10 08:09:46,585 INFO {"event": "trigger_pipeline", "pipeline": "debug"}
2025-05-10 08:09:46,703 INFO {"event": "plugin_context_update", "plugin": "framework_check_plugin", "pipeline": "debug", "hook": "framework_check", "updated_keys": ["run_id", "start_time", "pipeline", "hook", "services", "command", "jobs", "framework_check"]}
2025-05-10 08:09:46,703 INFO {"event": "plugin_context_update", "plugin": "debug_plugin", "pipeline": "debug", "hook": "debug", "updated_keys": ["run_id", "start_time", "pipeline", "hook", "services", "command", "jobs", "framework_check", "debug_plugin_visited", "debug_plugin_timestamp"]}
2025-05-10 08:10:36,676 INFO {"event": "shutdown", "signal": 2}
2025-05-10 08:10:38,150 INFO {"event": "scheduler_job_added", "pipeline": "current_1h", "cron": "0 */1 * * *"}
2025-05-10 08:10:38,152 INFO {"event": "scheduler_job_added", "pipeline": "current_6h", "cron": "0 */6 * * *"}
2025-05-10 08:10:38,152 INFO {"event": "scheduler_job_added", "pipeline": "current_1d", "cron": "0 0 */1 * *"}
2025-05-10 08:10:44,274 INFO {"event": "trigger_pipeline", "pipeline": "debug"}
2025-05-10 08:10:44,673 INFO {"event": "plugin_context_update", "plugin": "framework_check_plugin", "pipeline": "debug", "hook": "framework_check", "updated_keys": ["run_id", "start_time", "pipeline", "hook", "services", "command", "jobs", "framework_check"]}
2025-05-10 08:10:44,675 INFO {"event": "plugin_context_update", "plugin": "debug_plugin", "pipeline": "debug", "hook": "debug", "updated_keys": ["run_id", "start_time", "pipeline", "hook", "services", "command", "jobs", "framework_check", "debug_plugin_visited", "debug_plugin_timestamp"]}
2025-05-10 08:13:38,376 INFO {"event": "shutdown", "signal": 2}
2025-05-10 08:13:39,771 INFO {"event": "scheduler_job_added", "pipeline": "current_1h", "cron": "0 */1 * * *"}
2025-05-10 08:13:39,772 INFO {"event": "scheduler_job_added", "pipeline": "current_6h", "cron": "0 */6 * * *"}
2025-05-10 08:13:39,773 INFO {"event": "scheduler_job_added", "pipeline": "current_1d", "cron": "0 0 */1 * *"}
2025-05-10 08:13:44,973 INFO {"event": "trigger_pipeline", "pipeline": "debug"}
2025-05-10 08:13:45,353 INFO {"event": "plugin_context_update", "plugin": "framework_check_plugin", "pipeline": "debug", "hook": "framework_check", "updated_keys": ["run_id", "start_time", "pipeline", "hook", "services", "command", "jobs", "framework_check"]}
2025-05-10 08:13:45,354 INFO {"event": "plugin_context_update", "plugin": "debug_plugin", "pipeline": "debug", "hook": "debug", "updated_keys": ["run_id", "start_time", "pipeline", "hook", "services", "command", "jobs", "framework_check", "debug_plugin_visited", "debug_plugin_timestamp"]}
2025-05-10 08:19:14,950 INFO {"event": "shutdown", "signal": 2}
2025-05-10 08:19:22,685 INFO {"event": "scheduler_job_added", "pipeline": "current_1h", "cron": "0 */1 * * *"}
2025-05-10 08:19:22,686 INFO {"event": "scheduler_job_added", "pipeline": "current_6h", "cron": "0 */6 * * *"}
2025-05-10 08:19:22,686 INFO {"event": "scheduler_job_added", "pipeline": "current_1d", "cron": "0 0 */1 * *"}
2025-05-10 08:19:33,409 INFO {"event": "trigger_pipeline", "pipeline": "debug"}
2025-05-10 08:21:45,465 INFO {"event": "shutdown", "signal": 2}
2025-05-10 08:24:19,444 INFO {"event": "scheduler_job_added", "pipeline": "current_1h", "cron": "0 */1 * * *"}
2025-05-10 08:24:19,445 INFO {"event": "scheduler_job_added", "pipeline": "current_6h", "cron": "0 */6 * * *"}
2025-05-10 08:24:19,445 INFO {"event": "scheduler_job_added", "pipeline": "current_1d", "cron": "0 0 */1 * *"}
2025-05-10 08:24:33,127 INFO {"event": "trigger_pipeline", "pipeline": "debug"}
2025-05-10 08:25:12,946 INFO {"event": "shutdown", "signal": 2}
2025-05-10 08:25:16,577 INFO {"event": "scheduler_job_added", "pipeline": "current_1h", "cron": "0 */1 * * *"}
2025-05-10 08:25:16,578 INFO {"event": "scheduler_job_added", "pipeline": "current_6h", "cron": "0 */6 * * *"}
2025-05-10 08:25:16,579 INFO {"event": "scheduler_job_added", "pipeline": "current_1d", "cron": "0 0 */1 * *"}
2025-05-10 08:25:35,021 INFO {"event": "trigger_pipeline", "pipeline": "debug"}
2025-05-10 08:25:44,997 INFO {"event": "shutdown", "signal": 2}
2025-05-10 08:25:53,021 INFO {"event": "scheduler_job_added", "pipeline": "current_1h", "cron": "0 */1 * * *"}
2025-05-10 08:25:53,022 INFO {"event": "scheduler_job_added", "pipeline": "current_6h", "cron": "0 */6 * * *"}
2025-05-10 08:25:53,024 INFO {"event": "scheduler_job_added", "pipeline": "current_1d", "cron": "0 0 */1 * *"}
2025-05-10 08:27:56,400 INFO {"event": "shutdown", "signal": 2}
2025-05-10 08:27:58,211 INFO {"event": "scheduler_job_added", "pipeline": "current_1h", "cron": "0 */1 * * *"}
2025-05-10 08:27:58,212 INFO {"event": "scheduler_job_added", "pipeline": "current_6h", "cron": "0 */6 * * *"}
2025-05-10 08:27:58,213 INFO {"event": "scheduler_job_added", "pipeline": "current_1d", "cron": "0 0 */1 * *"}
2025-05-10 08:28:02,979 INFO {"event": "trigger_pipeline", "pipeline": "debug"}
2025-05-10 08:29:59,917 INFO {"event": "shutdown", "signal": 2}
2025-05-10 08:30:03,971 INFO {"event": "scheduler_job_added", "pipeline": "current_1h", "cron": "0 */1 * * *"}
2025-05-10 08:30:03,972 INFO {"event": "scheduler_job_added", "pipeline": "current_6h", "cron": "0 */6 * * *"}
2025-05-10 08:30:03,973 INFO {"event": "scheduler_job_added", "pipeline": "current_1d", "cron": "0 0 */1 * *"}
2025-05-10 08:30:09,060 INFO {"event": "trigger_pipeline", "pipeline": "debug"}
2025-05-10 08:32:27,894 INFO {"event": "shutdown", "signal": 2}
2025-05-10 08:33:15,530 INFO {"event": "scheduler_job_added", "pipeline": "current_1h", "cron": "0 */1 * * *"}
2025-05-10 08:33:15,530 INFO {"event": "scheduler_job_added", "pipeline": "current_6h", "cron": "0 */6 * * *"}
2025-05-10 08:33:15,533 INFO {"event": "scheduler_job_added", "pipeline": "current_1d", "cron": "0 0 */1 * *"}
2025-05-10 08:33:21,542 INFO {"event": "trigger_pipeline", "pipeline": "debug"}
2025-05-10 08:36:33,389 INFO {"event": "shutdown", "signal": 2}
2025-05-10 08:36:48,537 INFO {"event": "trigger_pipeline", "pipeline": "debug"}
2025-05-10 08:39:27,906 INFO {"event": "trigger_pipeline", "pipeline": "debug"}
2025-05-10 08:43:52,230 INFO {"event": "trigger_pipeline", "pipeline": "debug"}
2025-05-10 08:44:22,497 INFO {"event": "scheduler_job_added", "pipeline": "current_1h", "cron": "0 */1 * * *"}
2025-05-10 08:44:22,498 INFO {"event": "scheduler_job_added", "pipeline": "current_6h", "cron": "0 */6 * * *"}
2025-05-10 08:44:22,499 INFO {"event": "scheduler_job_added", "pipeline": "current_1d", "cron": "0 0 */1 * *"}
2025-05-10 08:44:30,025 INFO {"event": "trigger_pipeline", "pipeline": "debug"}
2025-05-10 08:45:18,194 INFO {"event": "shutdown", "signal": 2}
2025-05-10 08:45:24,799 INFO {"event": "scheduler_job_added", "pipeline": "current_1h", "cron": "0 */1 * * *"}
2025-05-10 08:45:24,801 INFO {"event": "scheduler_job_added", "pipeline": "current_6h", "cron": "0 */6 * * *"}
2025-05-10 08:45:24,801 INFO {"event": "scheduler_job_added", "pipeline": "current_1d", "cron": "0 0 */1 * *"}
2025-05-10 08:45:30,584 INFO {"event": "trigger_pipeline", "pipeline": "debug"}
2025-05-10 08:49:28,039 INFO {"event": "shutdown", "signal": 2}
2025-05-10 08:51:37,208 INFO {"event": "scheduler_job_added", "pipeline": "current_1h", "cron": "0 */1 * * *"}
2025-05-10 08:51:37,209 INFO {"event": "scheduler_job_added", "pipeline": "current_6h", "cron": "0 */6 * * *"}
2025-05-10 08:51:37,210 INFO {"event": "scheduler_job_added", "pipeline": "current_1d", "cron": "0 0 */1 * *"}
2025-05-10 08:51:43,922 INFO {"event": "trigger_pipeline", "pipeline": "debug"}
2025-05-10 08:51:52,958 INFO {"event": "shutdown", "signal": 2}
2025-05-10 08:53:11,661 INFO {"event": "scheduler_job_added", "pipeline": "current_1h", "cron": "0 */1 * * *"}
2025-05-10 08:53:11,662 INFO {"event": "scheduler_job_added", "pipeline": "current_6h", "cron": "0 */6 * * *"}
2025-05-10 08:53:11,662 INFO {"event": "scheduler_job_added", "pipeline": "current_1d", "cron": "0 0 */1 * *"}
2025-05-10 08:53:20,092 INFO {"event": "trigger_pipeline", "pipeline": "debug"}
2025-05-10 08:54:44,969 INFO {"event": "plugin_context_update", "plugin": "framework_check_plugin", "pipeline": "debug", "hook": "framework_check", "updated_keys": ["run_id", "start_time", "pipeline", "hook", "services", "command", "jobs", "framework_check"]}
2025-05-10 08:54:44,970 INFO {"event": "plugin_context_update", "plugin": "debug_plugin", "pipeline": "debug", "hook": "debug", "updated_keys": ["run_id", "start_time", "pipeline", "hook", "services", "command", "jobs", "framework_check", "debug_plugin_visited", "debug_plugin_timestamp"]}
2025-05-10 08:55:16,633 INFO {"event": "shutdown", "signal": 2}
2025-05-10 08:55:18,096 INFO {"event": "scheduler_job_added", "pipeline": "current_1h", "cron": "0 */1 * * *"}
2025-05-10 08:55:18,098 INFO {"event": "scheduler_job_added", "pipeline": "current_6h", "cron": "0 */6 * * *"}
2025-05-10 08:55:18,098 INFO {"event": "scheduler_job_added", "pipeline": "current_1d", "cron": "0 0 */1 * *"}
2025-05-10 08:55:22,365 INFO {"event": "trigger_pipeline", "pipeline": "debug"}
2025-05-10 08:55:38,746 INFO {"event": "plugin_context_update", "plugin": "framework_check_plugin", "pipeline": "debug", "hook": "framework_check", "updated_keys": ["run_id", "start_time", "pipeline", "hook", "services", "command", "jobs", "framework_check"]}
2025-05-10 08:55:38,748 INFO {"event": "plugin_context_update", "plugin": "debug_plugin", "pipeline": "debug", "hook": "debug", "updated_keys": ["run_id", "start_time", "pipeline", "hook", "services", "command", "jobs", "framework_check", "debug_plugin_visited", "debug_plugin_timestamp"]}
2025-05-10 08:57:15,621 INFO {"event": "shutdown", "signal": 2}
2025-05-10 08:57:17,159 INFO {"event": "scheduler_job_added", "pipeline": "current_1h", "cron": "0 */1 * * *"}
2025-05-10 08:57:17,160 INFO {"event": "scheduler_job_added", "pipeline": "current_6h", "cron": "0 */6 * * *"}
2025-05-10 08:57:17,160 INFO {"event": "scheduler_job_added", "pipeline": "current_1d", "cron": "0 0 */1 * *"}
2025-05-10 08:57:25,211 INFO {"event": "trigger_pipeline", "pipeline": "debug"}
2025-05-10 08:57:32,586 INFO {"event": "plugin_context_update", "plugin": "framework_check_plugin", "pipeline": "debug", "hook": "framework_check", "updated_keys": ["run_id", "start_time", "pipeline", "hook", "services", "command", "jobs", "framework_check"]}
2025-05-10 08:57:32,588 INFO {"event": "plugin_context_update", "plugin": "debug_plugin", "pipeline": "debug", "hook": "debug", "updated_keys": ["run_id", "start_time", "pipeline", "hook", "services", "command", "jobs", "framework_check", "debug_plugin_visited", "debug_plugin_timestamp"]}
2025-05-10 08:59:19,352 INFO {"event": "shutdown", "signal": 2}
2025-05-10 08:59:21,564 INFO {"event": "scheduler_job_added", "pipeline": "current_1h", "cron": "0 */1 * * *"}
2025-05-10 08:59:21,565 INFO {"event": "scheduler_job_added", "pipeline": "current_6h", "cron": "0 */6 * * *"}
2025-05-10 08:59:21,566 INFO {"event": "scheduler_job_added", "pipeline": "current_1d", "cron": "0 0 */1 * *"}
2025-05-10 08:59:30,969 INFO {"event": "trigger_pipeline", "pipeline": "debug"}
2025-05-10 08:59:48,373 INFO {"event": "plugin_context_update", "plugin": "framework_check_plugin", "pipeline": "debug", "hook": "framework_check", "updated_keys": ["run_id", "start_time", "pipeline", "hook", "services", "command", "jobs", "framework_check"]}
2025-05-10 08:59:48,375 INFO {"event": "plugin_context_update", "plugin": "debug_plugin", "pipeline": "debug", "hook": "debug", "updated_keys": ["run_id", "start_time", "pipeline", "hook", "services", "command", "jobs", "framework_check", "debug_plugin_visited", "debug_plugin_timestamp"]}
2025-05-10 09:00:00,002 INFO {"event": "gather_plugin_config_raw", "config_json": "{}", "pipeline": "current_1h"}
2025-05-10 09:00:00,002 INFO {"event": "gather_plugin_run", "config": {}, "pipeline": "current_1h"}
2025-05-10 09:00:00,002 INFO {"event": "gather_plugin_emit", "pipeline_config": {"base_stablecoin": null, "exchanges": [], "stablecoins": [], "tokens": []}, "pipeline": "current_1h"}
2025-05-10 09:00:00,002 INFO {"event": "plugin_run", "plugin": "gather_plugin", "pipeline": "current_1h", "hook": "gather"}
2025-05-10 09:00:00,003 ERROR {"event": "plugin_error", "plugin": "fetcher_plugin", "pipeline": "current_1h", "hook": "fetcher", "error": "No module named 'plugins.fetcher_plugin'"}
2025-05-10 09:00:00,003 ERROR {"event": "plugin_error", "plugin": "gap_plugin", "pipeline": "current_1h", "hook": "gap", "error": "No module named 'plugins.gap_plugin'"}
2025-05-10 09:00:00,004 ERROR {"event": "plugin_error", "plugin": "aggregate_allmarkets_plugin", "pipeline": "current_1h", "hook": "aggregate_allmarkets", "error": "No module named 'plugins.aggregate_allmarkets_plugin'"}
2025-05-10 09:00:00,005 ERROR {"event": "plugin_error", "plugin": "indicators_plugin", "pipeline": "current_1h", "hook": "indicators", "error": "module 'plugins.indicators_plugin' has no attribute 'run'"}
